TN:
SF:/Users/nelsonpereira/Documents/GitHub/Auditing/Blogs/Recon_Intro_Clean/v3-core/contracts/NoDelegateCall.sol
DA:1,0
DA:13,5
DA:18,2
DA:19,10
DA:24,4
DA:25,3
end_of_record

SF:/Users/nelsonpereira/Documents/GitHub/Auditing/Blogs/Recon_Intro_Clean/v3-core/contracts/UniswapV3Factory.sol
DA:13,47
DA:15,0
DA:18,0
DA:20,18
DA:22,3
DA:23,0
DA:24,0
DA:26,0
DA:27,0
DA:28,0
DA:29,0
DA:30,0
DA:31,0
DA:35,41
DA:39,1
DA:40,13
DA:41,16
DA:42,8
DA:43,16
DA:44,9
DA:45,45
DA:46,6
DA:47,57
DA:49,36
DA:50,27
DA:54,0
DA:55,0
DA:56,0
DA:57,0
DA:61,0
DA:62,0
DA:63,0
DA:67,0
DA:68,0
DA:70,0
DA:71,0
end_of_record

SF:/Users/nelsonpereira/Documents/GitHub/Auditing/Blogs/Recon_Intro_Clean/v3-core/contracts/UniswapV3Pool.sol
DA:30,243
DA:42,0
DA:44,16
DA:46,0
DA:48,0
DA:51,0
DA:54,0
DA:74,84
DA:77,0
DA:79,25
DA:87,15
DA:90,31
DA:93,123
DA:95,0
DA:97,0
DA:99,9
DA:105,54
DA:106,0
DA:108,7
DA:113,0
DA:117,9
DA:118,2
DA:119,23
DA:120,0
DA:122,0
DA:126,3
DA:127,14
DA:128,34
DA:129,14
DA:133,1
DA:134,0
DA:140,2
DA:141,124
DA:142,16
DA:144,18
DA:145,14
DA:151,1
DA:152,35
DA:153,38
DA:160,0
DA:168,0
DA:170,0
DA:172,0
DA:180,0
DA:181,0
DA:184,0
DA:185,0
DA:186,0
DA:187,0
DA:189,0
DA:193,0
DA:194,0
DA:195,0
DA:196,0
DA:198,0
DA:201,0
DA:203,0
DA:204,0
DA:205,0
DA:206,0
DA:207,0
DA:209,0
DA:210,0
DA:211,0
DA:214,0
DA:215,0
DA:216,0
DA:217,0
DA:219,0
DA:220,0
DA:221,0
DA:224,0
DA:228,0
DA:229,0
DA:230,0
DA:236,0
DA:243,0
DA:245,0
DA:246,0
DA:247,0
DA:248,0
DA:249,0
DA:250,0
DA:251,0
DA:252,0
DA:257,0
DA:260,0
DA:261,0
DA:263,0
DA:265,0
DA:266,0
DA:267,0
DA:272,24
DA:273,23
DA:275,0
DA:277,0
DA:279,109
DA:289,22
DA:307,6
DA:309,0
DA:310,4
DA:312,80
DA:314,7
DA:315,4
DA:316,6
DA:317,6
DA:318,5
DA:322,10
DA:323,19
DA:326,6
DA:327,8
DA:328,8
DA:329,4
DA:331,20
DA:333,6
DA:336,30
DA:337,4
DA:338,4
DA:339,5
DA:340,2
DA:341,4
DA:342,4
DA:345,7
DA:346,3
DA:347,9
DA:348,4
DA:350,6
DA:351,8
DA:352,2
DA:353,4
DA:356,23
DA:360,6
DA:361,8
DA:362,8
DA:363,4
DA:374,14
DA:380,0
DA:381,0
DA:383,0
DA:384,0
DA:389,4
DA:390,2
DA:391,12
DA:394,5
DA:395,6
DA:396,4
DA:397,3
DA:400,6
DA:401,1
DA:402,1
DA:403,1
DA:404,1
DA:405,1
DA:408,1
DA:409,1
DA:410,1
DA:412,7
DA:413,1
DA:414,1
DA:415,1
DA:416,1
DA:417,1
DA:418,1
DA:419,1
DA:420,1
DA:421,1
DA:422,1
DA:425,4
DA:426,7
DA:428,4
DA:429,7
DA:433,12
DA:434,1
DA:435,1
DA:436,1
DA:437,1
DA:438,1
DA:441,6
DA:444,8
DA:445,4
DA:446,6
DA:448,4
DA:449,6
DA:456,99
DA:462,3
DA:463,0
DA:464,8
DA:465,24
DA:466,1
DA:467,1
DA:468,1
DA:469,6
DA:473,3
DA:474,3
DA:476,1
DA:477,1
DA:478,13
DA:479,11
DA:480,116
DA:481,42
DA:482,16
DA:484,31
DA:488,0
DA:494,0
DA:496,0
DA:498,0
DA:499,0
DA:501,0
DA:502,0
DA:503,0
DA:505,0
DA:506,0
DA:507,0
DA:510,0
DA:515,0
DA:519,0
DA:520,0
DA:521,0
DA:522,0
DA:525,0
DA:529,0
DA:530,0
DA:532,0
DA:533,0
DA:534,0
DA:535,0
DA:539,0
DA:593,194
DA:599,0
DA:600,6
DA:602,76
DA:604,5
DA:605,32
DA:606,1
DA:607,15
DA:608,2
DA:612,6
DA:614,47
DA:615,3
DA:616,4
DA:617,18
DA:619,2
DA:623,4
DA:625,49
DA:628,2
DA:629,4
DA:630,11
DA:631,1
DA:632,3
DA:636,28
DA:637,4
DA:639,7
DA:641,25
DA:642,4
DA:643,1
DA:644,1
DA:648,9
DA:649,4
DA:650,14
DA:651,4
DA:655,10
DA:658,21
DA:659,4
DA:660,19
DA:661,1
DA:662,3
DA:663,4
DA:664,2
DA:665,1
DA:668,8
DA:669,18
DA:670,23
DA:672,13
DA:673,28
DA:677,7
DA:678,18
DA:679,5
DA:680,0
DA:684,1
DA:685,17
DA:688,17
DA:690,8
DA:693,7
DA:694,30
DA:695,4
DA:696,1
DA:697,4
DA:698,4
DA:699,4
DA:700,4
DA:702,3
DA:704,7
DA:705,4
DA:706,13
DA:707,11
DA:708,3
DA:709,5
DA:710,3
DA:714,7
DA:716,14
DA:719,24
DA:720,15
DA:722,18
DA:724,5
DA:729,20
DA:730,17
DA:731,4
DA:732,4
DA:733,4
DA:734,4
DA:735,4
DA:736,4
DA:738,47
DA:739,4
DA:740,4
DA:746,17
DA:750,34
DA:754,4
DA:755,6
DA:756,24
DA:758,0
DA:759,3
DA:762,4
DA:763,4
DA:764,0
DA:767,4
DA:768,15
DA:770,7
DA:771,116
DA:772,33
DA:774,0
DA:776,0
DA:777,2
DA:778,0
DA:781,38
DA:782,7
DA:786,5
DA:792,0
DA:793,0
DA:795,0
DA:796,0
DA:797,0
DA:798,0
DA:800,0
DA:801,0
DA:803,0
DA:805,0
DA:806,0
DA:808,0
DA:809,0
DA:812,0
DA:813,0
DA:815,0
DA:816,0
DA:817,0
DA:818,0
DA:819,0
DA:821,0
DA:822,0
DA:823,0
DA:824,0
DA:825,0
DA:828,0
DA:832,0
DA:833,0
DA:834,0
DA:835,0
DA:837,0
DA:838,0
DA:839,0
DA:843,0
DA:847,0
DA:848,0
DA:849,0
DA:851,0
DA:852,0
DA:853,0
DA:854,0
DA:856,0
DA:857,0
DA:858,0
DA:859,0
DA:862,0
end_of_record

SF:/Users/nelsonpereira/Documents/GitHub/Auditing/Blogs/Recon_Intro_Clean/v3-core/contracts/UniswapV3PoolDeployer.sol
DA:8,0
DA:18,82
DA:27,2
DA:34,96
DA:35,80
DA:36,19
end_of_record

SF:/Users/nelsonpereira/Documents/GitHub/Auditing/Blogs/Recon_Intro_Clean/v3-core/contracts/interfaces/IERC20Minimal.sol
end_of_record

SF:/Users/nelsonpereira/Documents/GitHub/Auditing/Blogs/Recon_Intro_Clean/v3-core/contracts/interfaces/IUniswapV3Factory.sol
end_of_record

SF:/Users/nelsonpereira/Documents/GitHub/Auditing/Blogs/Recon_Intro_Clean/v3-core/contracts/interfaces/IUniswapV3Pool.sol
end_of_record

SF:/Users/nelsonpereira/Documents/GitHub/Auditing/Blogs/Recon_Intro_Clean/v3-core/contracts/interfaces/IUniswapV3PoolDeployer.sol
end_of_record

SF:/Users/nelsonpereira/Documents/GitHub/Auditing/Blogs/Recon_Intro_Clean/v3-core/contracts/interfaces/callback/IUniswapV3FlashCallback.sol
end_of_record

SF:/Users/nelsonpereira/Documents/GitHub/Auditing/Blogs/Recon_Intro_Clean/v3-core/contracts/interfaces/callback/IUniswapV3MintCallback.sol
end_of_record

SF:/Users/nelsonpereira/Documents/GitHub/Auditing/Blogs/Recon_Intro_Clean/v3-core/contracts/interfaces/callback/IUniswapV3SwapCallback.sol
end_of_record

SF:/Users/nelsonpereira/Documents/GitHub/Auditing/Blogs/Recon_Intro_Clean/v3-core/contracts/interfaces/pool/IUniswapV3PoolActions.sol
end_of_record

SF:/Users/nelsonpereira/Documents/GitHub/Auditing/Blogs/Recon_Intro_Clean/v3-core/contracts/interfaces/pool/IUniswapV3PoolDerivedState.sol
end_of_record

SF:/Users/nelsonpereira/Documents/GitHub/Auditing/Blogs/Recon_Intro_Clean/v3-core/contracts/interfaces/pool/IUniswapV3PoolEvents.sol
end_of_record

SF:/Users/nelsonpereira/Documents/GitHub/Auditing/Blogs/Recon_Intro_Clean/v3-core/contracts/interfaces/pool/IUniswapV3PoolImmutables.sol
end_of_record

SF:/Users/nelsonpereira/Documents/GitHub/Auditing/Blogs/Recon_Intro_Clean/v3-core/contracts/interfaces/pool/IUniswapV3PoolOwnerActions.sol
end_of_record

SF:/Users/nelsonpereira/Documents/GitHub/Auditing/Blogs/Recon_Intro_Clean/v3-core/contracts/interfaces/pool/IUniswapV3PoolState.sol
end_of_record

SF:/Users/nelsonpereira/Documents/GitHub/Auditing/Blogs/Recon_Intro_Clean/v3-core/contracts/libraries/BitMath.sol
DA:6,0
DA:13,6
DA:14,9
DA:16,5
DA:17,5
DA:18,1
DA:20,6
DA:21,5
DA:22,1
DA:24,3
DA:25,5
DA:26,1
DA:28,6
DA:29,5
DA:30,1
DA:32,6
DA:33,5
DA:34,1
DA:36,6
DA:37,5
DA:38,1
DA:40,6
DA:41,5
DA:42,1
DA:44,7
DA:53,2
DA:54,9
DA:56,1
DA:57,8
DA:58,1
DA:60,3
DA:62,0
DA:63,0
DA:65,0
DA:67,0
DA:68,0
DA:70,0
DA:72,0
DA:73,0
DA:75,0
DA:77,0
DA:78,0
DA:80,0
DA:82,0
DA:83,0
DA:85,0
DA:87,0
DA:88,0
DA:90,0
DA:92,0
end_of_record

SF:/Users/nelsonpereira/Documents/GitHub/Auditing/Blogs/Recon_Intro_Clean/v3-core/contracts/libraries/FixedPoint128.sol
DA:6,0
end_of_record

SF:/Users/nelsonpereira/Documents/GitHub/Auditing/Blogs/Recon_Intro_Clean/v3-core/contracts/libraries/FixedPoint96.sol
DA:7,0
DA:8,1
end_of_record

SF:/Users/nelsonpereira/Documents/GitHub/Auditing/Blogs/Recon_Intro_Clean/v3-core/contracts/libraries/FullMath.sol
DA:7,0
DA:14,8
DA:18,2
DA:27,3
DA:28,4
DA:29,9
DA:33,4
DA:34,6
DA:36,4
DA:38,2
DA:43,9
DA:51,1
DA:53,4
DA:57,6
DA:58,4
DA:64,3
DA:67,5
DA:72,4
DA:78,9
DA:80,8
DA:87,6
DA:91,4
DA:92,5
DA:93,6
DA:94,6
DA:95,6
DA:96,7
DA:104,5
DA:113,7
DA:117,1
DA:118,9
DA:119,14
DA:120,8
DA:121,2
end_of_record

SF:/Users/nelsonpereira/Documents/GitHub/Auditing/Blogs/Recon_Intro_Clean/v3-core/contracts/libraries/LiquidityMath.sol
DA:5,0
DA:10,2
DA:11,11
DA:12,45
DA:14,42
end_of_record

SF:/Users/nelsonpereira/Documents/GitHub/Auditing/Blogs/Recon_Intro_Clean/v3-core/contracts/libraries/LowGasSafeMath.sol
DA:6,0
DA:11,1
DA:12,9
DA:35,1
DA:36,15
DA:43,6
DA:44,17
end_of_record

SF:/Users/nelsonpereira/Documents/GitHub/Auditing/Blogs/Recon_Intro_Clean/v3-core/contracts/libraries/Oracle.sol
DA:11,0
DA:30,8
DA:35,4
DA:36,6
DA:37,3
DA:38,27
DA:39,1
DA:40,5
DA:41,5
DA:42,23
DA:43,1
DA:52,2
DA:56,48
DA:60,4
DA:78,7
DA:86,2
DA:87,68
DA:90,16
DA:93,29
DA:94,3
DA:96,3
DA:99,11
DA:100,74
DA:108,1
DA:112,1
DA:113,22
DA:115,0
DA:118,0
DA:119,0
DA:128,0
DA:132,0
DA:134,0
DA:136,0
DA:137,0
DA:139,0
DA:153,0
DA:159,0
DA:160,0
DA:161,0
DA:162,0
DA:163,0
DA:164,0
DA:166,0
DA:169,0
DA:170,0
DA:171,0
DA:174,0
DA:176,0
DA:179,0
DA:181,0
DA:182,0
DA:198,1
DA:206,8
DA:208,33
DA:211,0
DA:212,0
DA:214,0
DA:217,0
DA:222,0
DA:223,0
DA:226,0
DA:229,0
DA:245,1
DA:253,2
DA:254,6
DA:255,67
DA:256,16
DA:257,15
DA:260,7
DA:262,4
DA:263,9
DA:265,9
DA:267,0
DA:268,0
DA:270,0
DA:273,0
DA:274,0
DA:275,0
DA:276,0
DA:277,0
DA:279,0
DA:281,0
DA:282,0
DA:283,0
DA:300,1
DA:308,2
DA:309,22
DA:311,0
DA:312,0
DA:313,0
DA:314,0
DA:315,0
DA:316,0
DA:317,0
DA:318,0
DA:319,0
DA:320,0
DA:321,0
end_of_record

SF:/Users/nelsonpereira/Documents/GitHub/Auditing/Blogs/Recon_Intro_Clean/v3-core/contracts/libraries/Position.sol
DA:11,0
DA:30,2
DA:36,69
DA:44,1
DA:50,52
DA:53,7
DA:54,35
DA:55,2
DA:57,0
DA:61,0
DA:63,0
DA:64,0
DA:65,0
DA:69,2
DA:71,5
DA:72,3
DA:73,0
DA:79,16
DA:80,6
DA:81,6
DA:82,15
DA:84,15
DA:85,17
end_of_record

SF:/Users/nelsonpereira/Documents/GitHub/Auditing/Blogs/Recon_Intro_Clean/v3-core/contracts/libraries/SafeCast.sol
DA:6,0
DA:10,1
DA:11,2
DA:17,0
DA:18,0
DA:24,3
DA:25,8
DA:26,1
end_of_record

SF:/Users/nelsonpereira/Documents/GitHub/Auditing/Blogs/Recon_Intro_Clean/v3-core/contracts/libraries/SqrtPriceMath.sol
DA:13,0
DA:28,0
DA:33,1
DA:35,7
DA:36,4
DA:38,5
DA:40,18
DA:41,3
DA:42,6
DA:44,15
DA:47,26
DA:52,6
DA:53,0
DA:54,0
DA:68,0
DA:73,0
DA:76,0
DA:77,0
DA:79,5
DA:80,11
DA:81,2
DA:84,0
DA:86,0
DA:88,0
DA:89,0
DA:90,0
DA:93,4
DA:95,0
DA:106,0
DA:111,0
DA:112,8
DA:113,8
DA:117,4
DA:118,7
DA:119,7
DA:129,1
DA:134,1
DA:135,7
DA:136,4
DA:140,1
DA:141,7
DA:142,4
DA:153,1
DA:158,1
DA:159,14
DA:161,4
DA:162,6
DA:164,8
DA:166,0
DA:167,6
DA:168,1
DA:169,1
DA:172,21
DA:182,8
DA:187,0
DA:188,0
DA:190,2
DA:191,3
DA:192,10
DA:193,7
DA:201,3
DA:205,1
DA:206,1
DA:207,7
DA:208,6
DA:209,3
DA:217,1
DA:221,1
DA:223,8
DA:224,7
DA:225,8
end_of_record

SF:/Users/nelsonpereira/Documents/GitHub/Auditing/Blogs/Recon_Intro_Clean/v3-core/contracts/libraries/SwapMath.sol
DA:9,0
DA:21,15
DA:31,4
DA:37,8
DA:38,6
DA:40,6
DA:41,14
DA:42,8
DA:43,8
DA:44,8
DA:45,7
DA:47,5
DA:48,0
DA:49,0
DA:50,0
DA:51,0
DA:54,8
DA:55,8
DA:56,8
DA:57,7
DA:59,5
DA:60,0
DA:61,0
DA:62,3
DA:63,1
DA:67,7
DA:70,7
DA:71,16
DA:72,1
DA:73,8
DA:74,17
DA:75,1
DA:76,8
DA:78,16
DA:79,1
DA:80,8
DA:81,1
DA:82,0
DA:83,0
DA:87,0
DA:88,0
DA:91,15
DA:93,2
DA:95,15
end_of_record

SF:/Users/nelsonpereira/Documents/GitHub/Auditing/Blogs/Recon_Intro_Clean/v3-core/contracts/libraries/Tick.sol
DA:12,0
DA:44,3
DA:45,13
DA:46,4
DA:47,0
DA:48,0
DA:60,4
DA:67,9
DA:68,19
DA:69,11
DA:74,11
DA:75,4
DA:76,4
DA:78,8
DA:79,8
DA:83,1
DA:84,1
DA:85,14
DA:86,4
DA:87,4
DA:89,8
DA:90,8
DA:93,9
DA:94,9
DA:110,4
DA:122,0
DA:123,0
DA:125,0
DA:126,0
DA:128,34
DA:130,8
DA:132,1
DA:134,1
DA:135,0
DA:136,0
DA:137,5
DA:138,7
DA:139,7
DA:141,9
DA:144,8
DA:147,22
DA:148,21
DA:149,24
DA:155,1
DA:156,1
DA:168,1
DA:176,0
DA:177,2
DA:178,11
DA:179,11
DA:180,24
DA:181,20
DA:182,23
DA:183,6
end_of_record

SF:/Users/nelsonpereira/Documents/GitHub/Auditing/Blogs/Recon_Intro_Clean/v3-core/contracts/libraries/TickBitmap.sol
DA:9,0
DA:14,2
DA:15,7
DA:16,5
DA:23,2
DA:28,21
DA:29,18
DA:30,9
DA:31,22
DA:42,1
DA:47,2
DA:48,13
DA:49,30
DA:51,11
DA:52,10
DA:54,13
DA:55,19
DA:58,5
DA:60,8
DA:61,13
DA:62,7
DA:65,13
DA:67,11
DA:68,0
DA:71,0
DA:73,0
DA:74,0
DA:75,0
end_of_record

SF:/Users/nelsonpereira/Documents/GitHub/Auditing/Blogs/Recon_Intro_Clean/v3-core/contracts/libraries/TickMath.sol
DA:7,0
DA:11,3
DA:14,1
DA:16,1
DA:23,6
DA:24,8
DA:25,24
DA:27,12
DA:28,5
DA:29,11
DA:30,11
DA:31,11
DA:32,11
DA:33,11
DA:34,11
DA:35,11
DA:36,11
DA:37,11
DA:38,11
DA:39,11
DA:40,11
DA:41,11
DA:42,11
DA:43,11
DA:44,11
DA:45,11
DA:46,11
DA:48,18
DA:53,20
DA:61,2
DA:63,26
DA:64,0
DA:70,0
DA:72,0
DA:75,0
DA:76,2
DA:77,0
DA:80,1
DA:81,3
DA:82,3
DA:85,5
DA:86,3
DA:87,3
DA:90,7
DA:91,1
DA:92,3
DA:95,5
DA:96,3
DA:97,3
DA:100,6
DA:101,1
DA:102,4
DA:105,3
DA:106,1
DA:109,16
DA:110,8
DA:112,5
DA:115,8
DA:116,4
DA:117,8
DA:118,4
DA:121,5
DA:122,3
DA:123,11
DA:124,1
DA:127,5
DA:128,3
DA:129,11
DA:130,1
DA:133,5
DA:134,3
DA:135,11
DA:136,1
DA:139,5
DA:140,3
DA:141,11
DA:142,1
DA:145,5
DA:146,3
DA:147,11
DA:148,1
DA:151,5
DA:152,3
DA:153,8
DA:154,1
DA:157,5
DA:158,3
DA:159,7
DA:160,1
DA:163,5
DA:164,3
DA:165,8
DA:166,1
DA:169,5
DA:170,3
DA:171,8
DA:172,1
DA:175,5
DA:176,3
DA:177,8
DA:178,1
DA:181,5
DA:182,3
DA:183,8
DA:184,1
DA:187,5
DA:188,4
DA:189,8
DA:190,4
DA:193,7
DA:195,8
DA:198,3
DA:200,6
DA:201,5
DA:203,35
end_of_record

SF:/Users/nelsonpereira/Documents/GitHub/Auditing/Blogs/Recon_Intro_Clean/v3-core/contracts/libraries/TransferHelper.sol
DA:8,0
DA:14,1
DA:19,4
DA:20,166
DA:21,52
end_of_record

SF:/Users/nelsonpereira/Documents/GitHub/Auditing/Blogs/Recon_Intro_Clean/v3-core/contracts/libraries/UnsafeMath.sol
DA:6,0
DA:12,0
DA:13,0
DA:14,0
end_of_record

SF:/Users/nelsonpereira/Documents/GitHub/Auditing/Blogs/Recon_Intro_Clean/v3-core/contracts/test/TestERC20.sol
DA:6,44
DA:7,48
DA:8,0
DA:10,0
DA:11,0
DA:14,1
DA:15,0
DA:16,0
DA:17,0
DA:20,25
DA:21,12
DA:22,36
DA:23,18
DA:25,7
DA:26,7
DA:27,20
DA:29,18
DA:30,2
DA:33,18
DA:34,0
DA:35,0
DA:36,0
DA:39,0
DA:43,0
DA:44,0
DA:45,0
DA:47,0
DA:49,0
DA:50,0
DA:51,0
DA:52,0
DA:53,0
DA:54,0
DA:56,0
DA:57,0
end_of_record

SF:/Users/nelsonpereira/Documents/GitHub/Auditing/Blogs/Recon_Intro_Clean/v3-core/lib/chimera/src/Asserts.sol
end_of_record

SF:/Users/nelsonpereira/Documents/GitHub/Auditing/Blogs/Recon_Intro_Clean/v3-core/lib/chimera/src/BaseProperties.sol
end_of_record

SF:/Users/nelsonpereira/Documents/GitHub/Auditing/Blogs/Recon_Intro_Clean/v3-core/lib/chimera/src/BaseSetup.sol
end_of_record

SF:/Users/nelsonpereira/Documents/GitHub/Auditing/Blogs/Recon_Intro_Clean/v3-core/lib/chimera/src/BaseTargetFunctions.sol
end_of_record

SF:/Users/nelsonpereira/Documents/GitHub/Auditing/Blogs/Recon_Intro_Clean/v3-core/lib/chimera/src/CryticAsserts.sol
DA:6,0
end_of_record

SF:/Users/nelsonpereira/Documents/GitHub/Auditing/Blogs/Recon_Intro_Clean/v3-core/lib/chimera/src/Hevm.sol
end_of_record

SF:/Users/nelsonpereira/Documents/GitHub/Auditing/Blogs/Recon_Intro_Clean/v3-core/test/recon/BeforeAfter.sol
DA:41,2
DA:43,72
DA:44,68
DA:46,88
DA:47,60
DA:48,66
DA:49,73
DA:52,2
DA:53,72
DA:54,68
DA:56,88
DA:57,60
DA:58,66
DA:59,73
end_of_record

SF:/Users/nelsonpereira/Documents/GitHub/Auditing/Blogs/Recon_Intro_Clean/v3-core/test/recon/CryticTester.sol
DA:9,91
DA:11,0
end_of_record

SF:/Users/nelsonpereira/Documents/GitHub/Auditing/Blogs/Recon_Intro_Clean/v3-core/test/recon/Properties.sol
end_of_record

SF:/Users/nelsonpereira/Documents/GitHub/Auditing/Blogs/Recon_Intro_Clean/v3-core/test/recon/Setup.sol
DA:70,0
DA:72,0
DA:73,0
DA:74,0
DA:77,0
DA:78,0
DA:79,0
DA:81,0
DA:83,0
DA:84,0
DA:86,0
DA:87,0
DA:89,0
DA:90,0
DA:94,2
DA:98,125
DA:103,54
DA:104,88
DA:109,48
DA:110,51
DA:115,85
DA:120,20
DA:121,43
DA:122,43
DA:123,42
DA:125,85
DA:127,1
DA:128,1
DA:129,17
DA:130,53
DA:131,51
DA:133,55
DA:134,55
DA:137,8
DA:140,9
DA:144,13
DA:145,3
DA:146,5
DA:147,13
DA:148,3
DA:149,5
DA:150,11
DA:151,3
DA:152,5
DA:155,27
DA:156,12
DA:157,21
DA:162,24
DA:163,13
DA:165,15
DA:166,13
DA:168,10
DA:169,5
DA:170,11
DA:172,13
DA:176,9
DA:181,4
DA:183,6
DA:185,46
DA:186,48
DA:187,48
DA:189,18
DA:190,4
DA:194,16
DA:196,13
DA:198,3
DA:201,15
DA:202,16
DA:203,3
DA:206,17
DA:208,16
DA:209,6
DA:211,18
DA:213,13
DA:215,5
DA:218,6
DA:219,4
DA:223,3
DA:225,31
DA:226,31
DA:227,30
DA:229,7
DA:233,3
DA:235,3
DA:237,81
DA:238,3
DA:240,2
DA:242,17
DA:246,7
DA:248,3
DA:250,81
DA:251,3
DA:252,2
DA:253,2
DA:255,17
DA:259,14
DA:274,10
DA:275,10
end_of_record

SF:/Users/nelsonpereira/Documents/GitHub/Auditing/Blogs/Recon_Intro_Clean/v3-core/test/recon/SetupUniswap.sol
DA:8,0
DA:9,0
DA:11,0
DA:13,0
DA:16,0
DA:17,0
DA:21,0
DA:25,0
DA:26,0
DA:28,0
DA:30,0
DA:31,0
DA:35,0
DA:36,0
DA:40,0
DA:41,0
DA:45,0
DA:46,0
DA:47,0
DA:48,0
DA:52,29
DA:53,26
DA:63,0
DA:64,0
DA:65,0
DA:66,0
DA:69,16
DA:70,96
DA:71,46
DA:75,39
DA:88,0
DA:89,0
DA:90,0
DA:93,14
DA:94,14
DA:97,16
DA:98,91
DA:99,91
DA:102,9
DA:105,11
DA:106,74
DA:107,78
DA:108,4
DA:111,6
DA:112,17
DA:113,118
DA:116,11
DA:120,8
DA:121,8
DA:122,37
DA:126,24
DA:130,0
DA:131,0
DA:132,64
DA:133,8
DA:137,37
DA:151,0
DA:152,0
DA:153,0
DA:156,14
DA:157,14
DA:160,16
DA:161,93
DA:162,7
DA:165,7
DA:166,79
DA:167,3
DA:168,50
DA:169,71
DA:170,72
DA:171,72
DA:172,72
DA:173,72
DA:174,1
DA:178,35
DA:182,8
DA:183,6
DA:184,103
DA:185,6
end_of_record

SF:/Users/nelsonpereira/Documents/GitHub/Auditing/Blogs/Recon_Intro_Clean/v3-core/test/recon/TargetFunctions.sol
DA:12,0
DA:19,0
DA:22,0
DA:27,0
DA:30,0
DA:31,0
DA:34,0
DA:35,0
DA:38,2
DA:39,5
DA:42,2
DA:49,0
DA:52,0
DA:53,0
DA:56,0
DA:57,0
DA:60,0
DA:61,0
DA:64,0
DA:65,0
DA:68,0
DA:69,0
DA:73,18
DA:74,9
DA:76,11
DA:78,90
DA:79,4
DA:81,3
DA:107,18
DA:108,9
DA:110,11
DA:112,90
DA:113,4
DA:115,6
DA:118,4
DA:119,89
DA:120,4
DA:122,12
DA:123,10
DA:125,4
DA:128,4
DA:129,5
DA:130,4
DA:131,4
DA:132,4
DA:133,2
DA:134,4
DA:135,4
DA:136,2
DA:137,2
DA:141,18
DA:142,9
DA:144,11
DA:146,84
DA:147,7
DA:149,4
DA:175,18
DA:176,9
DA:178,11
DA:180,84
DA:181,7
DA:183,4
end_of_record

